<?xml version="1.0" encoding="UTF-8"?>
<testsuite name="ru.stqa.pft.sandbox.PrimeTests" tests="2" skipped="0" failures="0" errors="0" timestamp="2019-12-18T19:06:51" hostname="N1351" time="0.029">
  <properties/>
  <testcase name="testNonPrime" classname="ru.stqa.pft.sandbox.PrimeTests" time="0.021"/>
  <testcase name="testPrime" classname="ru.stqa.pft.sandbox.PrimeTests" time="0.007"/>
  <system-out><![CDATA[]]></system-out>
  <system-err><![CDATA[]]></system-err>
</testsuite>
