<?xml version="1.0" encoding="UTF-8"?>
<testsuite name="ru.stqa.pft.sandbox.PointTests" tests="2" skipped="0" failures="0" errors="0" timestamp="2019-12-18T19:06:51" hostname="N1351" time="0.041">
  <properties/>
  <testcase name="testDistance1" classname="ru.stqa.pft.sandbox.PointTests" time="0.033"/>
  <testcase name="testDistance2" classname="ru.stqa.pft.sandbox.PointTests" time="0.001"/>
  <system-out><![CDATA[]]></system-out>
  <system-err><![CDATA[]]></system-err>
</testsuite>
