<?xml version="1.0" encoding="UTF-8"?>
<testsuite name="ru.stqa.pft.addressbook.tests.GroupDeletionTests" tests="1" skipped="0" failures="0" errors="0" timestamp="2019-09-17T09:16:46" hostname="N1351" time="2.03">
  <properties/>
  <testcase name="testGroupDeletionTests" classname="ru.stqa.pft.addressbook.tests.GroupDeletionTests" time="2.03"/>
  <system-out><![CDATA[]]></system-out>
  <system-err><![CDATA[]]></system-err>
</testsuite>
