<?xml version="1.0" encoding="UTF-8"?>
<testsuite name="ru.stqa.pft.addressbook.tests.GroupCreationTests" tests="1" skipped="0" failures="0" errors="0" timestamp="2019-09-17T09:16:38" hostname="N1351" time="4.733">
  <properties/>
  <testcase name="testGroupCreationTests[0](GroupData{id='0', name='test 0'})" classname="ru.stqa.pft.addressbook.tests.GroupCreationTests" time="4.733"/>
  <system-out><![CDATA[]]></system-out>
  <system-err><![CDATA[Security framework of XStream not initialized, XStream is probably vulnerable.
]]></system-err>
</testsuite>
