<?xml version="1.0" encoding="UTF-8"?>
<testsuite name="ru.stqa.pft.addressbook.tests.ContactModificationTests" tests="1" skipped="0" failures="0" errors="0" timestamp="2019-09-17T09:03:30" hostname="N1351" time="5.762">
  <properties/>
  <testcase name="testContactModificationTests" classname="ru.stqa.pft.addressbook.tests.ContactModificationTests" time="5.762"/>
  <system-out><![CDATA[]]></system-out>
  <system-err><![CDATA[]]></system-err>
</testsuite>
