<?xml version="1.0" encoding="UTF-8"?>
<testsuite name="ru.stqa.pft.addressbook.tests.ContactAdditionTests" tests="1" skipped="0" failures="0" errors="0" timestamp="2019-09-17T09:03:19" hostname="N1351" time="10.62">
  <properties/>
  <testcase name="testContactAdditionTests[0](ContactData{id='2147483647', firstname='Ivan 0', lastname='Ivanov 0'})" classname="ru.stqa.pft.addressbook.tests.ContactAdditionTests" time="10.62"/>
  <system-out><![CDATA[]]></system-out>
  <system-err><![CDATA[]]></system-err>
</testsuite>
