<?xml version="1.0" encoding="UTF-8"?>
<testsuite name="ru.stqa.pft.addressbook.tests.ContactAdditionTests" tests="1" skipped="0" failures="0" errors="0" timestamp="2019-11-15T06:32:50" hostname="N1351" time="4.01">
  <properties/>
  <testcase name="testContactAdditionTests[0](ContactData{id='2147483647', firstname='Ivan 0', lastname='Ivanov 0'})" classname="ru.stqa.pft.addressbook.tests.ContactAdditionTests" time="4.01"/>
  <system-out><![CDATA[[[[FirefoxDriver: firefox on WINDOWS (1758f58b-8af9-484b-b4fd-64605d261329)] -> xpath: //tr[@name='entry']], [[FirefoxDriver: firefox on WINDOWS (1758f58b-8af9-484b-b4fd-64605d261329)] -> xpath: //tr[@name='entry']], [[FirefoxDriver: firefox on WINDOWS (1758f58b-8af9-484b-b4fd-64605d261329)] -> xpath: //tr[@name='entry']], [[FirefoxDriver: firefox on WINDOWS (1758f58b-8af9-484b-b4fd-64605d261329)] -> xpath: //tr[@name='entry']]]
[[[FirefoxDriver: firefox on WINDOWS (1758f58b-8af9-484b-b4fd-64605d261329)] -> xpath: //tr[@name='entry']], [[FirefoxDriver: firefox on WINDOWS (1758f58b-8af9-484b-b4fd-64605d261329)] -> xpath: //tr[@name='entry']], [[FirefoxDriver: firefox on WINDOWS (1758f58b-8af9-484b-b4fd-64605d261329)] -> xpath: //tr[@name='entry']], [[FirefoxDriver: firefox on WINDOWS (1758f58b-8af9-484b-b4fd-64605d261329)] -> xpath: //tr[@name='entry']], [[FirefoxDriver: firefox on WINDOWS (1758f58b-8af9-484b-b4fd-64605d261329)] -> xpath: //tr[@name='entry']]]
]]></system-out>
  <system-err><![CDATA[]]></system-err>
</testsuite>
