<?xml version="1.0" encoding="UTF-8"?>
<testsuite name="ru.stqa.pft.addressbook.tests.ContactModificationTests" tests="1" skipped="0" failures="0" errors="0" timestamp="2019-11-15T06:32:55" hostname="N1351" time="3.436">
  <properties/>
  <testcase name="testContactModificationTests" classname="ru.stqa.pft.addressbook.tests.ContactModificationTests" time="3.436"/>
  <system-out><![CDATA[[[[FirefoxDriver: firefox on WINDOWS (1758f58b-8af9-484b-b4fd-64605d261329)] -> xpath: //tr[@name='entry']], [[FirefoxDriver: firefox on WINDOWS (1758f58b-8af9-484b-b4fd-64605d261329)] -> xpath: //tr[@name='entry']], [[FirefoxDriver: firefox on WINDOWS (1758f58b-8af9-484b-b4fd-64605d261329)] -> xpath: //tr[@name='entry']], [[FirefoxDriver: firefox on WINDOWS (1758f58b-8af9-484b-b4fd-64605d261329)] -> xpath: //tr[@name='entry']], [[FirefoxDriver: firefox on WINDOWS (1758f58b-8af9-484b-b4fd-64605d261329)] -> xpath: //tr[@name='entry']]]
]]></system-out>
  <system-err><![CDATA[]]></system-err>
</testsuite>
